<?xml version="1.0" encoding="UTF-8"?>
<testsuite xmlns:xsi="http://www.w3.org/2001/XMLSchema-instance" xsi:noNamespaceSchemaLocation="https://maven.apache.org/surefire/maven-surefire-plugin/xsd/surefire-test-report.xsd" name="TestSuite" time="48.608" tests="9" errors="0" skipped="0" failures="0">
  <properties>
    <property name="gopherProxySet" value="false"/>
    <property name="awt.toolkit" value="sun.lwawt.macosx.LWCToolkit"/>
    <property name="file.encoding.pkg" value="sun.io"/>
    <property name="java.specification.version" value="1.8"/>
    <property name="sun.cpu.isalist" value=""/>
    <property name="sun.jnu.encoding" value="UTF-8"/>
    <property name="java.class.path" value="/Users/terry/Desktop/TorandoCMI/target/test-classes:/Users/terry/Desktop/TorandoCMI/target/classes:/Users/terry/.m2/repository/org/apache/httpcomponents/httpclient/4.5.1/httpclient-4.5.1.jar:/Users/terry/.m2/repository/org/apache/httpcomponents/httpcore/4.4.3/httpcore-4.4.3.jar:/Users/terry/.m2/repository/commons-logging/commons-logging/1.2/commons-logging-1.2.jar:/Users/terry/.m2/repository/commons-codec/commons-codec/1.9/commons-codec-1.9.jar:/Users/terry/.m2/repository/org/json/json/20170516/json-20170516.jar:/Users/terry/.m2/repository/org/mybatis/mybatis/3.5.3/mybatis-3.5.3.jar:/Users/terry/.m2/repository/mysql/mysql-connector-java/5.1.48/mysql-connector-java-5.1.48.jar:/Users/terry/.m2/repository/org/projectlombok/lombok/1.16.14/lombok-1.16.14.jar:/Users/terry/.m2/repository/com/relevantcodes/extentreports/2.41.1/extentreports-2.41.1.jar:/Users/terry/.m2/repository/org/jsoup/jsoup/1.8.3/jsoup-1.8.3.jar:/Users/terry/.m2/repository/org/xerial/sqlite-jdbc/3.8.11.1/sqlite-jdbc-3.8.11.1.jar:/Users/terry/.m2/repository/org/freemarker/freemarker/2.3.23/freemarker-2.3.23.jar:/Users/terry/.m2/repository/org/mongodb/mongodb-driver/3.0.4/mongodb-driver-3.0.4.jar:/Users/terry/.m2/repository/org/mongodb/bson/3.0.4/bson-3.0.4.jar:/Users/terry/.m2/repository/org/mongodb/mongodb-driver-core/3.0.4/mongodb-driver-core-3.0.4.jar:/Users/terry/.m2/repository/com/vimalselvam/testng-extentsreport/1.3.1/testng-extentsreport-1.3.1.jar:/Users/terry/.m2/repository/com/google/guava/guava/20.0/guava-20.0.jar:/Users/terry/.m2/repository/com/aventstack/extentreports/3.0.6/extentreports-3.0.6.jar:/Users/terry/.m2/repository/org/apache/httpcomponents/httpmime/4.5.2/httpmime-4.5.2.jar:/Users/terry/.m2/repository/org/testng/testng/6.14.3/testng-6.14.3.jar:/Users/terry/.m2/repository/com/beust/jcommander/1.72/jcommander-1.72.jar:/Users/terry/.m2/repository/org/apache-extras/beanshell/bsh/2.0b6/bsh-2.0b6.jar:"/>
    <property name="java.vm.vendor" value="Oracle Corporation"/>
    <property name="sun.arch.data.model" value="64"/>
    <property name="java.vendor.url" value="http://java.oracle.com/"/>
    <property name="user.timezone" value=""/>
    <property name="java.vm.specification.version" value="1.8"/>
    <property name="os.name" value="Mac OS X"/>
    <property name="user.country" value="CN"/>
    <property name="sun.java.launcher" value="SUN_STANDARD"/>
    <property name="sun.boot.library.path" value="/Library/Java/JavaVirtualMachines/jdk1.8.0_172.jdk/Contents/Home/jre/lib"/>
    <property name="sun.java.command" value="/Users/terry/Desktop/TorandoCMI/target/surefire/surefirebooter4479934827414617050.jar /Users/terry/Desktop/TorandoCMI/target/surefire 2020-03-06T02-58-21_383-jvmRun1 surefire8669820342496334231tmp surefire_02130380430548408717tmp"/>
    <property name="surefire.test.class.path" value="/Users/terry/Desktop/TorandoCMI/target/test-classes:/Users/terry/Desktop/TorandoCMI/target/classes:/Users/terry/.m2/repository/org/apache/httpcomponents/httpclient/4.5.1/httpclient-4.5.1.jar:/Users/terry/.m2/repository/org/apache/httpcomponents/httpcore/4.4.3/httpcore-4.4.3.jar:/Users/terry/.m2/repository/commons-logging/commons-logging/1.2/commons-logging-1.2.jar:/Users/terry/.m2/repository/commons-codec/commons-codec/1.9/commons-codec-1.9.jar:/Users/terry/.m2/repository/org/json/json/20170516/json-20170516.jar:/Users/terry/.m2/repository/org/mybatis/mybatis/3.5.3/mybatis-3.5.3.jar:/Users/terry/.m2/repository/mysql/mysql-connector-java/5.1.48/mysql-connector-java-5.1.48.jar:/Users/terry/.m2/repository/org/projectlombok/lombok/1.16.14/lombok-1.16.14.jar:/Users/terry/.m2/repository/com/relevantcodes/extentreports/2.41.1/extentreports-2.41.1.jar:/Users/terry/.m2/repository/org/jsoup/jsoup/1.8.3/jsoup-1.8.3.jar:/Users/terry/.m2/repository/org/xerial/sqlite-jdbc/3.8.11.1/sqlite-jdbc-3.8.11.1.jar:/Users/terry/.m2/repository/org/freemarker/freemarker/2.3.23/freemarker-2.3.23.jar:/Users/terry/.m2/repository/org/mongodb/mongodb-driver/3.0.4/mongodb-driver-3.0.4.jar:/Users/terry/.m2/repository/org/mongodb/bson/3.0.4/bson-3.0.4.jar:/Users/terry/.m2/repository/org/mongodb/mongodb-driver-core/3.0.4/mongodb-driver-core-3.0.4.jar:/Users/terry/.m2/repository/com/vimalselvam/testng-extentsreport/1.3.1/testng-extentsreport-1.3.1.jar:/Users/terry/.m2/repository/com/google/guava/guava/20.0/guava-20.0.jar:/Users/terry/.m2/repository/com/aventstack/extentreports/3.0.6/extentreports-3.0.6.jar:/Users/terry/.m2/repository/org/apache/httpcomponents/httpmime/4.5.2/httpmime-4.5.2.jar:/Users/terry/.m2/repository/org/testng/testng/6.14.3/testng-6.14.3.jar:/Users/terry/.m2/repository/com/beust/jcommander/1.72/jcommander-1.72.jar:/Users/terry/.m2/repository/org/apache-extras/beanshell/bsh/2.0b6/bsh-2.0b6.jar:"/>
    <property name="sun.cpu.endian" value="little"/>
    <property name="user.home" value="/Users/terry"/>
    <property name="user.language" value="en"/>
    <property name="java.specification.vendor" value="Oracle Corporation"/>
    <property name="java.home" value="/Library/Java/JavaVirtualMachines/jdk1.8.0_172.jdk/Contents/Home/jre"/>
    <property name="basedir" value="/Users/terry/Desktop/TorandoCMI"/>
    <property name="file.separator" value="/"/>
    <property name="line.separator" value="&#10;"/>
    <property name="java.vm.specification.vendor" value="Oracle Corporation"/>
    <property name="java.specification.name" value="Java Platform API Specification"/>
    <property name="java.awt.graphicsenv" value="sun.awt.CGraphicsEnvironment"/>
    <property name="surefire.real.class.path" value="/Users/terry/Desktop/TorandoCMI/target/surefire/surefirebooter4479934827414617050.jar"/>
    <property name="sun.boot.class.path" value="/Library/Java/JavaVirtualMachines/jdk1.8.0_172.jdk/Contents/Home/jre/lib/resources.jar:/Library/Java/JavaVirtualMachines/jdk1.8.0_172.jdk/Contents/Home/jre/lib/rt.jar:/Library/Java/JavaVirtualMachines/jdk1.8.0_172.jdk/Contents/Home/jre/lib/sunrsasign.jar:/Library/Java/JavaVirtualMachines/jdk1.8.0_172.jdk/Contents/Home/jre/lib/jsse.jar:/Library/Java/JavaVirtualMachines/jdk1.8.0_172.jdk/Contents/Home/jre/lib/jce.jar:/Library/Java/JavaVirtualMachines/jdk1.8.0_172.jdk/Contents/Home/jre/lib/charsets.jar:/Library/Java/JavaVirtualMachines/jdk1.8.0_172.jdk/Contents/Home/jre/lib/jfr.jar:/Library/Java/JavaVirtualMachines/jdk1.8.0_172.jdk/Contents/Home/jre/classes"/>
    <property name="sun.management.compiler" value="HotSpot 64-Bit Tiered Compilers"/>
    <property name="java.runtime.version" value="1.8.0_172-b11"/>
    <property name="user.name" value="terry"/>
    <property name="path.separator" value=":"/>
    <property name="os.version" value="10.14.6"/>
    <property name="java.endorsed.dirs" value="/Library/Java/JavaVirtualMachines/jdk1.8.0_172.jdk/Contents/Home/jre/lib/endorsed"/>
    <property name="java.runtime.name" value="Java(TM) SE Runtime Environment"/>
    <property name="file.encoding" value="UTF-8"/>
    <property name="java.vm.name" value="Java HotSpot(TM) 64-Bit Server VM"/>
    <property name="localRepository" value="/Users/terry/.m2/repository"/>
    <property name="java.vendor.url.bug" value="http://bugreport.sun.com/bugreport/"/>
    <property name="java.io.tmpdir" value="/var/folders/yh/trw_rwl95fg7l65w7_j5wrhm0000gn/T/"/>
    <property name="java.version" value="1.8.0_172"/>
    <property name="user.dir" value="/Users/terry/Desktop/TorandoCMI"/>
    <property name="os.arch" value="x86_64"/>
    <property name="java.vm.specification.name" value="Java Virtual Machine Specification"/>
    <property name="java.awt.printerjob" value="sun.lwawt.macosx.CPrinterJob"/>
    <property name="sun.os.patch.level" value="unknown"/>
    <property name="java.library.path" value="/Users/terry/Library/Java/Extensions:/Library/Java/Extensions:/Network/Library/Java/Extensions:/System/Library/Java/Extensions:/usr/lib/java:."/>
    <property name="java.vm.info" value="mixed mode"/>
    <property name="java.vendor" value="Oracle Corporation"/>
    <property name="java.vm.version" value="25.172-b11"/>
    <property name="java.ext.dirs" value="/Users/terry/Library/Java/Extensions:/Library/Java/JavaVirtualMachines/jdk1.8.0_172.jdk/Contents/Home/jre/lib/ext:/Library/Java/Extensions:/Network/Library/Java/Extensions:/System/Library/Java/Extensions:/usr/lib/java"/>
    <property name="sun.io.unicode.encoding" value="UnicodeBig"/>
    <property name="java.class.version" value="52.0"/>
  </properties>
  <testcase name="test01" classname="com.torando.cases.Login" time="5.052"/>
  <testcase name="test02" classname="com.torando.cases.Login" time="4.147"/>
  <testcase name="test03" classname="com.torando.cases.Login" time="3.283"/>
  <testcase name="test04" classname="com.torando.cases.Login" time="4.119"/>
  <testcase name="test05" classname="com.torando.cases.Login" time="4.073"/>
  <testcase name="test06" classname="com.torando.cases.Login" time="4.138"/>
  <testcase name="test07" classname="com.torando.cases.Login" time="4.529"/>
  <testcase name="test08" classname="com.torando.cases.Login" time="4.457"/>
  <testcase name="test09" classname="com.torando.cases.Login" time="4.139"/>
</testsuite>