<?xml version="1.0" encoding="UTF-8"?>
<!-- Generated by org.testng.reporters.JUnitReportReporter -->
<testsuite skipped="0" hostname="Terrys-MacBook-Pro.local" name="com.torando.cases.Login" tests="9" failures="0" timestamp="05 Mar 2020 18:59:10 GMT" time="37.931" errors="0">
  <testcase name="test01" time="5.051" classname="com.torando.cases.Login"/>
  <testcase name="test03" time="3.283" classname="com.torando.cases.Login"/>
  <testcase name="test08" time="4.457" classname="com.torando.cases.Login"/>
  <testcase name="test06" time="4.136" classname="com.torando.cases.Login"/>
  <testcase name="test05" time="4.072" classname="com.torando.cases.Login"/>
  <testcase name="test07" time="4.528" classname="com.torando.cases.Login"/>
  <testcase name="test09" time="4.138" classname="com.torando.cases.Login"/>
  <testcase name="test02" time="4.148" classname="com.torando.cases.Login"/>
  <testcase name="test04" time="4.118" classname="com.torando.cases.Login"/>
</testsuite> <!-- com.torando.cases.Login -->
